Rufus x86 v3.13.1730
Windows version: Windows 10 64-bit (Build 18363.1316)
Syslinux versions: 4.07/2013-07-25, 6.04/pre1
Grub versions: 0.4.6a, 2.04
System locale ID: 0x0809 (en-GB)
Will use default UI locale 0x0809
SetLGP: Successfully set NoDriveTypeAutorun policy to 0x0000009E
Localization set to 'en-US'
0 devices found
Found USB 2.0 device 'Kingston DataTraveler 3.0 USB Device' (0951:1666)
NOTE: This device is a USB 3.0 device operating at lower speed...
1 device found
Disk type: Removable, Disk size: 7.8GB, Sector size: 512 bytes
Cylinders: 945, Tracks per cylinder: 255, Sectors per track: 63
Partition type: MBR, NB Partitions: 1
Disk ID: 0x550F2A26
Drive has an unknown Master Boot Record
Partition 2:
  Type: EFI FAT (0xef)
  Size: 2.3 MB (2424832 bytes)
  Start Sector: 3138412, Boot: No
Scanning image...
ISO analysis:
  Image is an ISO9660 image
  Will use '/isolinux/isolinux.cfg' for Syslinux
  Detected Syslinux version: 6.04/20191223 (from '/isolinux/isolinux.bin')
Disk image analysis:
  Image has an unknown Master Boot Record
  Image is a bootable disk image
ISO label: 'Ubuntu 20.04.1 LTS amd64'
  Size: 2.6 GB (Projected)
  Uses: Syslinux/Isolinux v6.04
  Uses: EFI
  Note: This ISO uses symbolic links, which will not be replicated due to file system
  limitations. Because of this, some features from this image may not work...
Using image: ubuntu-20.04.1-desktop-amd64.iso (2.6 GB)
Downloading https://rufus.ie/files/syslinux-6.04/20191223/ldlinux.sys
Unable to access file: 404
Extended version was not found, trying main version...
Downloading https://rufus.ie/files/syslinux-6.04/ldlinux.sys
File length: 66.5 KB
Successfully downloaded 'ldlinux.sys'
Download signature is valid ✓
Downloading https://rufus.ie/files/syslinux-6.04/20191223/ldlinux.bss
Unable to access file: 404
Extended version was not found, trying main version...
Downloading https://rufus.ie/files/syslinux-6.04/ldlinux.bss
File length: 512 bytes
Successfully downloaded 'ldlinux.bss'
Download signature is valid ✓

Format operation started
Requesting disk access...
Will use 'D:' as volume mountpoint
Deleting partitions:
● Partition 1 (offset: 1606866944, size: 2.3 MB)
Opened \\.\PhysicalDrive1 for exclusive write access
Analyzing existing boot records...
Drive has an unknown Master Boot Record
Clearing MBR/PBR/GPT structures...
Erasing 128 sectors
Initializing disk...
Partitioning (MBR)...
● Creating Main Data Partition (offset: 1048576, size: 7.2 GB)
Waiting for logical drive to reappear...
Formatting (FAT32)...
Using cluster size: 4096 bytes
Quick format was selected
Creating file system...
Format completed.
Writing Master Boot Record...
Partition is already FAT32 LBA...
Set bootable USB partition as 0x80
Using Syslinux MBR
Found volume \\?\Volume{204676a3-29f4-11e8-b283-903219187085}\
Installing Syslinux 6.04...
Opened \\?\Volume{204676a3-29f4-11e8-b283-903219187085} for shared write access
Using existing './rufus_files/syslinux-6.04/20191223/ldlinux.sys' ✓
Using existing './rufus_files/syslinux-6.04/20191223/ldlinux.bss' ✓
Successfully wrote 'ldlinux.sys'
Successfully wrote Syslinux boot record
Successfully remounted \\?\Volume{204676a3-29f4-11e8-b283-903219187085}\ as D:
Extracting files...
Image is an ISO9660 image
This image will be extracted using Rock Ridge extensions (if present)
Extracting: D:\.disk\base_installable (0 bytes)
Extracting: D:\.disk\casper-uuid-generic (37 bytes)
Extracting: D:\.disk\cd_type (15 bytes)
Extracting: D:\.disk\info (59 bytes)
Extracting: D:\.disk\release_notes_url (80 bytes)
Extracting: D:\boot\grub\efi.img (3.9 MB)
Extracting: D:\boot\grub\font.pf2 (4.9 KB)
Extracting: D:\boot\grub\grub.cfg (911 bytes)
Extracting: D:\boot\grub\loopback.cfg (240 bytes)
Extracting: D:\boot\grub\x86_64-efi\acpi.mod (15.2 KB)
Extracting: D:\boot\grub\x86_64-efi\adler32.mod (2 KB)
Extracting: D:\boot\grub\x86_64-efi\ahci.mod (22.4 KB)
Extracting: D:\boot\grub\x86_64-efi\all_video.mod (824 bytes)
Extracting: D:\boot\grub\x86_64-efi\aout.mod (1.6 KB)
Extracting: D:\boot\grub\x86_64-efi\appleldr.mod (5.4 KB)
Extracting: D:\boot\grub\x86_64-efi\archelp.mod (4.5 KB)
Extracting: D:\boot\grub\x86_64-efi\ata.mod (8.9 KB)
Extracting: D:\boot\grub\x86_64-efi\at_keyboard.mod (6.9 KB)
Extracting: D:\boot\grub\x86_64-efi\backtrace.mod (2.6 KB)
Extracting: D:\boot\grub\x86_64-efi\bfs.mod (9.3 KB)
Extracting: D:\boot\grub\x86_64-efi\bitmap.mod (3.3 KB)
Extracting: D:\boot\grub\x86_64-efi\bitmap_scale.mod (5.4 KB)
Extracting: D:\boot\grub\x86_64-efi\blocklist.mod (3.1 KB)
Extracting: D:\boot\grub\x86_64-efi\boot.mod (3.3 KB)
Extracting: D:\boot\grub\x86_64-efi\bsd.mod (47.3 KB)
Extracting: D:\boot\grub\x86_64-efi\bswap_test.mod (3.4 KB)
Extracting: D:\boot\grub\x86_64-efi\btrfs.mod (24.6 KB)
Extracting: D:\boot\grub\x86_64-efi\bufio.mod (2.9 KB)
Extracting: D:\boot\grub\x86_64-efi\cat.mod (4.5 KB)
Extracting: D:\boot\grub\x86_64-efi\cbfs.mod (5.8 KB)
Extracting: D:\boot\grub\x86_64-efi\cbls.mod (6.2 KB)
Extracting: D:\boot\grub\x86_64-efi\cbmemc.mod (4.0 KB)
Extracting: D:\boot\grub\x86_64-efi\cbtable.mod (1.7 KB)
Extracting: D:\boot\grub\x86_64-efi\cbtime.mod (4.5 KB)
Extracting: D:\boot\grub\x86_64-efi\chain.mod (19.8 KB)
Extracting: D:\boot\grub\x86_64-efi\cmdline_cat_test.mod (4.7 KB)
Extracting: D:\boot\grub\x86_64-efi\cmp.mod (3.0 KB)
Extracting: D:\boot\grub\x86_64-efi\cmp_test.mod (6.6 KB)
Extracting: D:\boot\grub\x86_64-efi\command.lst (3.6 KB)
Extracting: D:\boot\grub\x86_64-efi\cpio.mod (4.4 KB)
Extracting: D:\boot\grub\x86_64-efi\cpio_be.mod (4.4 KB)
Extracting: D:\boot\grub\x86_64-efi\cpuid.mod (2.7 KB)
Extracting: D:\boot\grub\x86_64-efi\crc64.mod (2.3 KB)
Extracting: D:\boot\grub\x86_64-efi\crypto.lst (936 bytes)
Extracting: D:\boot\grub\x86_64-efi\crypto.mod (6.9 KB)
Extracting: D:\boot\grub\x86_64-efi\cryptodisk.mod (15.5 KB)
Extracting: D:\boot\grub\x86_64-efi\cs5536.mod (3.9 KB)
Extracting: D:\boot\grub\x86_64-efi\ctz_test.mod (2.8 KB)
Extracting: D:\boot\grub\x86_64-efi\date.mod (3.3 KB)
Extracting: D:\boot\grub\x86_64-efi\datehook.mod (3.1 KB)
Extracting: D:\boot\grub\x86_64-efi\datetime.mod (2.0 KB)
Extracting: D:\boot\grub\x86_64-efi\disk.mod (3.2 KB)
Extracting: D:\boot\grub\x86_64-efi\diskfilter.mod (14.6 KB)
Extracting: D:\boot\grub\x86_64-efi\div.mod (1.5 KB)
Extracting: D:\boot\grub\x86_64-efi\div_test.mod (8.1 KB)
Extracting: D:\boot\grub\x86_64-efi\dm_nv.mod (2.9 KB)
Extracting: D:\boot\grub\x86_64-efi\echo.mod (3.1 KB)
Extracting: D:\boot\grub\x86_64-efi\efifwsetup.mod (2.2 KB)
Extracting: D:\boot\grub\x86_64-efi\efinet.mod (10 KB)
Extracting: D:\boot\grub\x86_64-efi\efi_gop.mod (12.4 KB)
Extracting: D:\boot\grub\x86_64-efi\efi_uga.mod (7.1 KB)
Extracting: D:\boot\grub\x86_64-efi\ehci.mod (25.2 KB)
Extracting: D:\boot\grub\x86_64-efi\elf.mod (6.3 KB)
Extracting: D:\boot\grub\x86_64-efi\eval.mod (2.3 KB)
Extracting: D:\boot\grub\x86_64-efi\exfat.mod (8.0 KB)
Extracting: D:\boot\grub\x86_64-efi\exfctest.mod (2.4 KB)
Extracting: D:\boot\grub\x86_64-efi\ext2.mod (8.8 KB)
Extracting: D:\boot\grub\x86_64-efi\f2fs.mod (9.6 KB)
Extracting: D:\boot\grub\x86_64-efi\fat.mod (8.1 KB)
Extracting: D:\boot\grub\x86_64-efi\fdt.lst (0 bytes)
Extracting: D:\boot\grub\x86_64-efi\file.mod (25.5 KB)
Extracting: D:\boot\grub\x86_64-efi\fixvideo.mod (3.1 KB)
Extracting: D:\boot\grub\x86_64-efi\font.mod (17.0 KB)
Extracting: D:\boot\grub\x86_64-efi\fs.lst (219 bytes)
Extracting: D:\boot\grub\x86_64-efi\gcry_arcfour.mod (2.5 KB)
Extracting: D:\boot\grub\x86_64-efi\gcry_blowfish.mod (9 KB)
Extracting: D:\boot\grub\x86_64-efi\gcry_camellia.mod (27.9 KB)
Extracting: D:\boot\grub\x86_64-efi\gcry_cast5.mod (14.6 KB)
Extracting: D:\boot\grub\x86_64-efi\gcry_crc.mod (11.8 KB)
Extracting: D:\boot\grub\x86_64-efi\gcry_des.mod (16.2 KB)
Extracting: D:\boot\grub\x86_64-efi\gcry_dsa.mod (3.5 KB)
Extracting: D:\boot\grub\x86_64-efi\gcry_idea.mod (4.1 KB)
Extracting: D:\boot\grub\x86_64-efi\gcry_md4.mod (4.2 KB)
Extracting: D:\boot\grub\x86_64-efi\gcry_md5.mod (4.6 KB)
Extracting: D:\boot\grub\x86_64-efi\gcry_rfc2268.mod (3.3 KB)
Extracting: D:\boot\grub\x86_64-efi\gcry_rijndael.mod (20.1 KB)
Extracting: D:\boot\grub\x86_64-efi\gcry_rmd160.mod (7.9 KB)
Extracting: D:\boot\grub\x86_64-efi\gcry_rsa.mod (3.5 KB)
Extracting: D:\boot\grub\x86_64-efi\gcry_seed.mod (13.2 KB)
Extracting: D:\boot\grub\x86_64-efi\gcry_serpent.mod (16.5 KB)
Extracting: D:\boot\grub\x86_64-efi\gcry_sha1.mod (7.6 KB)
Extracting: D:\boot\grub\x86_64-efi\gcry_sha256.mod (5.2 KB)
Extracting: D:\boot\grub\x86_64-efi\gcry_sha512.mod (6 KB)
Extracting: D:\boot\grub\x86_64-efi\gcry_tiger.mod (13 KB)
Extracting: D:\boot\grub\x86_64-efi\gcry_twofish.mod (32.9 KB)
Extracting: D:\boot\grub\x86_64-efi\gcry_whirlpool.mod (22.5 KB)
Extracting: D:\boot\grub\x86_64-efi\geli.mod (9.2 KB)
Extracting: D:\boot\grub\x86_64-efi\gettext.mod (8.4 KB)
Extracting: D:\boot\grub\x86_64-efi\gfxmenu.mod (58.2 KB)
Extracting: D:\boot\grub\x86_64-efi\gfxterm.mod (16.7 KB)
Extracting: D:\boot\grub\x86_64-efi\gfxterm_background.mod (4.5 KB)
Extracting: D:\boot\grub\x86_64-efi\gfxterm_menu.mod (7.8 KB)
Extracting: D:\boot\grub\x86_64-efi\gptsync.mod (5.3 KB)
Extracting: D:\boot\grub\x86_64-efi\grub.cfg (219 bytes)
Extracting: D:\boot\grub\x86_64-efi\gzio.mod (11.7 KB)
Extracting: D:\boot\grub\x86_64-efi\halt.mod (6.7 KB)
Extracting: D:\boot\grub\x86_64-efi\hashsum.mod (8.3 KB)
Extracting: D:\boot\grub\x86_64-efi\hdparm.mod (10.3 KB)
Extracting: D:\boot\grub\x86_64-efi\help.mod (4.0 KB)
Extracting: D:\boot\grub\x86_64-efi\hexdump.mod (4.5 KB)
Extracting: D:\boot\grub\x86_64-efi\hfs.mod (10.0 KB)
Extracting: D:\boot\grub\x86_64-efi\hfsplus.mod (10.9 KB)
Extracting: D:\boot\grub\x86_64-efi\hfspluscomp.mod (4.3 KB)
Extracting: D:\boot\grub\x86_64-efi\http.mod (9.3 KB)
Extracting: D:\boot\grub\x86_64-efi\iorw.mod (4.7 KB)
Extracting: D:\boot\grub\x86_64-efi\jfs.mod (8.6 KB)
Extracting: D:\boot\grub\x86_64-efi\jpeg.mod (8.7 KB)
Extracting: D:\boot\grub\x86_64-efi\keylayouts.mod (6.4 KB)
Extracting: D:\boot\grub\x86_64-efi\keystatus.mod (3.1 KB)
Extracting: D:\boot\grub\x86_64-efi\ldm.mod (8.1 KB)
Extracting: D:\boot\grub\x86_64-efi\legacycfg.mod (44.0 KB)
Extracting: D:\boot\grub\x86_64-efi\legacy_password_test.mod (15.7 KB)
Extracting: D:\boot\grub\x86_64-efi\linux.mod (20.5 KB)
Extracting: D:\boot\grub\x86_64-efi\linux16.mod (8.9 KB)
Extracting: D:\boot\grub\x86_64-efi\linuxefi.mod (11.6 KB)
Extracting: D:\boot\grub\x86_64-efi\loadbios.mod (4.7 KB)
Extracting: D:\boot\grub\x86_64-efi\loadenv.mod (9.1 KB)
Extracting: D:\boot\grub\x86_64-efi\loopback.mod (4.8 KB)
Extracting: D:\boot\grub\x86_64-efi\ls.mod (6.4 KB)
Extracting: D:\boot\grub\x86_64-efi\lsacpi.mod (7.1 KB)
Extracting: D:\boot\grub\x86_64-efi\lsefi.mod (5.2 KB)
Extracting: D:\boot\grub\x86_64-efi\lsefimmap.mod (3.7 KB)
Extracting: D:\boot\grub\x86_64-efi\lsefisystab.mod (4.4 KB)
Extracting: D:\boot\grub\x86_64-efi\lsmmap.mod (3 KB)
Extracting: D:\boot\grub\x86_64-efi\lspci.mod (7.2 KB)
Extracting: D:\boot\grub\x86_64-efi\lssal.mod (3.8 KB)
Extracting: D:\boot\grub\x86_64-efi\luks.mod (9.6 KB)
Extracting: D:\boot\grub\x86_64-efi\lvm.mod (9.6 KB)
Extracting: D:\boot\grub\x86_64-efi\lzopio.mod (7.3 KB)
Extracting: D:\boot\grub\x86_64-efi\macbless.mod (4.9 KB)
Extracting: D:\boot\grub\x86_64-efi\macho.mod (10.8 KB)
Extracting: D:\boot\grub\x86_64-efi\mdraid09.mod (2.9 KB)
Extracting: D:\boot\grub\x86_64-efi\mdraid09_be.mod (2.9 KB)
Extracting: D:\boot\grub\x86_64-efi\mdraid1x.mod (2.7 KB)
Extracting: D:\boot\grub\x86_64-efi\memrw.mod (4.7 KB)
Extracting: D:\boot\grub\x86_64-efi\minicmd.mod (5.7 KB)
Extracting: D:\boot\grub\x86_64-efi\minix2.mod (5.6 KB)
Extracting: D:\boot\grub\x86_64-efi\minix2_be.mod (5.7 KB)
Extracting: D:\boot\grub\x86_64-efi\minix3.mod (5.7 KB)
Extracting: D:\boot\grub\x86_64-efi\minix3_be.mod (5.8 KB)
Extracting: D:\boot\grub\x86_64-efi\minix_be.mod (5.6 KB)
Extracting: D:\boot\grub\x86_64-efi\mmap.mod (9.4 KB)
Extracting: D:\boot\grub\x86_64-efi\moddep.lst (5.1 KB)
Extracting: D:\boot\grub\x86_64-efi\morse.mod (3.4 KB)
Extracting: D:\boot\grub\x86_64-efi\mpi.mod (42.6 KB)
Extracting: D:\boot\grub\x86_64-efi\msdospart.mod (3.8 KB)
Extracting: D:\boot\grub\x86_64-efi\multiboot.mod (20.5 KB)
Extracting: D:\boot\grub\x86_64-efi\multiboot2.mod (23.7 KB)
Extracting: D:\boot\grub\x86_64-efi\mul_test.mod (2.5 KB)
Extracting: D:\boot\grub\x86_64-efi\nativedisk.mod (6.7 KB)
Extracting: D:\boot\grub\x86_64-efi\net.mod (87.8 KB)
Extracting: D:\boot\grub\x86_64-efi\newc.mod (4.6 KB)
Extracting: D:\boot\grub\x86_64-efi\ntfs.mod (15 KB)
Extracting: D:\boot\grub\x86_64-efi\ntfscomp.mod (5.7 KB)
Extracting: D:\boot\grub\x86_64-efi\odc.mod (4.4 KB)
Extracting: D:\boot\grub\x86_64-efi\offsetio.mod (2.3 KB)
Extracting: D:\boot\grub\x86_64-efi\ohci.mod (15.6 KB)
Extracting: D:\boot\grub\x86_64-efi\partmap.lst (111 bytes)
Extracting: D:\boot\grub\x86_64-efi\parttool.lst (17 bytes)
Extracting: D:\boot\grub\x86_64-efi\parttool.mod (7.4 KB)
Extracting: D:\boot\grub\x86_64-efi\part_acorn.mod (2.4 KB)
Extracting: D:\boot\grub\x86_64-efi\part_amiga.mod (2.7 KB)
Extracting: D:\boot\grub\x86_64-efi\part_apple.mod (3.1 KB)
Extracting: D:\boot\grub\x86_64-efi\part_bsd.mod (4.3 KB)
Extracting: D:\boot\grub\x86_64-efi\part_dfly.mod (2.7 KB)
Extracting: D:\boot\grub\x86_64-efi\part_dvh.mod (2.3 KB)
Extracting: D:\boot\grub\x86_64-efi\part_gpt.mod (3.3 KB)
Extracting: D:\boot\grub\x86_64-efi\part_msdos.mod (3.1 KB)
Extracting: D:\boot\grub\x86_64-efi\part_plan.mod (2.6 KB)
Extracting: D:\boot\grub\x86_64-efi\part_sun.mod (2.3 KB)
Extracting: D:\boot\grub\x86_64-efi\part_sunpc.mod (2.6 KB)
Extracting: D:\boot\grub\x86_64-efi\password.mod (3 KB)
Extracting: D:\boot\grub\x86_64-efi\password_pbkdf2.mod (4.4 KB)
Extracting: D:\boot\grub\x86_64-efi\pata.mod (7.4 KB)
Extracting: D:\boot\grub\x86_64-efi\pbkdf2.mod (2.1 KB)
Extracting: D:\boot\grub\x86_64-efi\pbkdf2_test.mod (3.5 KB)
Extracting: D:\boot\grub\x86_64-efi\pcidump.mod (3.6 KB)
Extracting: D:\boot\grub\x86_64-efi\pgp.mod (19 KB)
Extracting: D:\boot\grub\x86_64-efi\play.mod (4.1 KB)
Extracting: D:\boot\grub\x86_64-efi\png.mod (10.2 KB)
Extracting: D:\boot\grub\x86_64-efi\priority_queue.mod (2.4 KB)
Extracting: D:\boot\grub\x86_64-efi\probe.mod (4.4 KB)
Extracting: D:\boot\grub\x86_64-efi\procfs.mod (3.9 KB)
Extracting: D:\boot\grub\x86_64-efi\progress.mod (3.2 KB)
Extracting: D:\boot\grub\x86_64-efi\raid5rec.mod (2.1 KB)
Extracting: D:\boot\grub\x86_64-efi\raid6rec.mod (3.4 KB)
Extracting: D:\boot\grub\x86_64-efi\random.mod (3.7 KB)
Extracting: D:\boot\grub\x86_64-efi\rdmsr.mod (3.1 KB)
Extracting: D:\boot\grub\x86_64-efi\read.mod (2.4 KB)
Extracting: D:\boot\grub\x86_64-efi\reboot.mod (1.7 KB)
Extracting: D:\boot\grub\x86_64-efi\regexp.mod (74.3 KB)
Extracting: D:\boot\grub\x86_64-efi\reiserfs.mod (13.6 KB)
Extracting: D:\boot\grub\x86_64-efi\relocator.mod (25.7 KB)
Extracting: D:\boot\grub\x86_64-efi\romfs.mod (5.8 KB)
Extracting: D:\boot\grub\x86_64-efi\scsi.mod (7 KB)
Extracting: D:\boot\grub\x86_64-efi\serial.mod (14.5 KB)
Extracting: D:\boot\grub\x86_64-efi\setjmp.mod (1 KB)
Extracting: D:\boot\grub\x86_64-efi\setjmp_test.mod (2.7 KB)
Extracting: D:\boot\grub\x86_64-efi\setpci.mod (8.3 KB)
Extracting: D:\boot\grub\x86_64-efi\shift_test.mod (3.2 KB)
Extracting: D:\boot\grub\x86_64-efi\shim_lock.mod (3.6 KB)
Extracting: D:\boot\grub\x86_64-efi\signature_test.mod (8.7 KB)
Extracting: D:\boot\grub\x86_64-efi\sleep.mod (3.6 KB)
Extracting: D:\boot\grub\x86_64-efi\sleep_test.mod (3.4 KB)
Extracting: D:\boot\grub\x86_64-efi\smbios.mod (8.5 KB)
Extracting: D:\boot\grub\x86_64-efi\spkmodem.mod (3.3 KB)
Extracting: D:\boot\grub\x86_64-efi\squash4.mod (9.9 KB)
Extracting: D:\boot\grub\x86_64-efi\strtoull_test.mod (3.4 KB)
Extracting: D:\boot\grub\x86_64-efi\syslinuxcfg.mod (29.3 KB)
Extracting: D:\boot\grub\x86_64-efi\terminal.lst (162 bytes)
Extracting: D:\boot\grub\x86_64-efi\terminal.mod (6.7 KB)
Extracting: D:\boot\grub\x86_64-efi\terminfo.mod (18.6 KB)
Extracting: D:\boot\grub\x86_64-efi\test.mod (7.4 KB)
Extracting: D:\boot\grub\x86_64-efi\testload.mod (3.9 KB)
Extracting: D:\boot\grub\x86_64-efi\testspeed.mod (3.5 KB)
Extracting: D:\boot\grub\x86_64-efi\test_blockarg.mod (2.1 KB)
Extracting: D:\boot\grub\x86_64-efi\tftp.mod (7.4 KB)
Extracting: D:\boot\grub\x86_64-efi\tga.mod (6.4 KB)
Extracting: D:\boot\grub\x86_64-efi\time.mod (2.4 KB)
Extracting: D:\boot\grub\x86_64-efi\tpm.mod (6.8 KB)
Extracting: D:\boot\grub\x86_64-efi\tr.mod (3.7 KB)
Extracting: D:\boot\grub\x86_64-efi\trig.mod (2.2 KB)
Extracting: D:\boot\grub\x86_64-efi\true.mod (2.0 KB)
Extracting: D:\boot\grub\x86_64-efi\udf.mod (12 KB)
Extracting: D:\boot\grub\x86_64-efi\ufs1.mod (7.7 KB)
Extracting: D:\boot\grub\x86_64-efi\ufs1_be.mod (7.8 KB)
Extracting: D:\boot\grub\x86_64-efi\ufs2.mod (7.7 KB)
Extracting: D:\boot\grub\x86_64-efi\uhci.mod (10 KB)
Extracting: D:\boot\grub\x86_64-efi\usb.mod (15.4 KB)
Extracting: D:\boot\grub\x86_64-efi\usbms.mod (10.8 KB)
Extracting: D:\boot\grub\x86_64-efi\usbserial_common.mod (3.0 KB)
Extracting: D:\boot\grub\x86_64-efi\usbserial_ftdi.mod (3.5 KB)
Extracting: D:\boot\grub\x86_64-efi\usbserial_pl2303.mod (3.8 KB)
Extracting: D:\boot\grub\x86_64-efi\usbserial_usbdebug.mod (2.5 KB)
Extracting: D:\boot\grub\x86_64-efi\usbtest.mod (5.6 KB)
Extracting: D:\boot\grub\x86_64-efi\usb_keyboard.mod (5.8 KB)
Extracting: D:\boot\grub\x86_64-efi\verifiers.mod (3.6 KB)
Extracting: D:\boot\grub\x86_64-efi\video.lst (41 bytes)
Extracting: D:\boot\grub\x86_64-efi\video.mod (8.9 KB)
Extracting: D:\boot\grub\x86_64-efi\videoinfo.mod (5.3 KB)
Extracting: D:\boot\grub\x86_64-efi\videotest.mod (5.5 KB)
Extracting: D:\boot\grub\x86_64-efi\videotest_checksum.mod (3.8 KB)
Extracting: D:\boot\grub\x86_64-efi\video_bochs.mod (8.4 KB)
Extracting: D:\boot\grub\x86_64-efi\video_cirrus.mod (9.0 KB)
Extracting: D:\boot\grub\x86_64-efi\video_colors.mod (9.9 KB)
Extracting: D:\boot\grub\x86_64-efi\video_fb.mod (27.8 KB)
Extracting: D:\boot\grub\x86_64-efi\wrmsr.mod (2.4 KB)
Extracting: D:\boot\grub\x86_64-efi\xfs.mod (10.3 KB)
Extracting: D:\boot\grub\x86_64-efi\xnu.mod (41.1 KB)
Extracting: D:\boot\grub\x86_64-efi\xnu_uuid.mod (3.3 KB)
Extracting: D:\boot\grub\x86_64-efi\xnu_uuid_test.mod (3.4 KB)
Extracting: D:\boot\grub\x86_64-efi\xzio.mod (19.4 KB)
Extracting: D:\boot\grub\x86_64-efi\zfscrypt.mod (8.4 KB)
Extracting: D:\boot\grub\x86_64-efi\zstd.mod (78.1 KB)
Extracting: D:\casper\filesystem.manifest (55.4 KB)
Extracting: D:\casper\filesystem.manifest-minimal-remove (2.8 KB)
Extracting: D:\casper\filesystem.manifest-remove (3.7 KB)
Extracting: D:\casper\filesystem.size (11 bytes)
Extracting: D:\casper\filesystem.squashfs (2.0 GB)
Extracting: D:\casper\filesystem.squashfs.gpg (833 bytes)
Extracting: D:\casper\initrd (86.6 MB)
Extracting: D:\casper\vmlinuz (11.1 MB)
Extracting: D:\dists\focal\main\binary-amd64\Packages.gz (23.9 KB)
Extracting: D:\dists\focal\main\binary-amd64\Release (95 bytes)
Extracting: D:\dists\focal\main\binary-i386\Packages.gz (22.4 KB)
Extracting: D:\dists\focal\main\binary-i386\Release (94 bytes)
Extracting: D:\dists\focal\Release (1.5 KB)
Extracting: D:\dists\focal\Release.gpg (833 bytes)
Extracting: D:\dists\focal\restricted\binary-amd64\Packages.gz (22.7 KB)
Extracting: D:\dists\focal\restricted\binary-amd64\Release (101 bytes)
Extracting: D:\dists\focal\restricted\binary-i386\Packages.gz (4.6 KB)
Extracting: D:\dists\focal\restricted\binary-i386\Release (100 bytes)
Extracting: D:\dists\stable (0 bytes)
  Ignoring Rock Ridge symbolic link to 'focal'
Extracting: D:\dists\unstable (0 bytes)
  Ignoring Rock Ridge symbolic link to 'focal'
Extracting: D:\EFI\BOOT\BOOTx64.EFI (1.3 MB)
Extracting: D:\EFI\BOOT\grubx64.efi (1.4 MB)
Extracting: D:\EFI\BOOT\mmx64.efi (1.2 MB)
Extracting: D:\install\mt86plus (178.4 KB)
Extracting: D:\isolinux\16x16.fnt (69.6 KB)
Extracting: D:\isolinux\aa.tr (3.2 KB)
Extracting: D:\isolinux\ab.tr (3.3 KB)
Extracting: D:\isolinux\access.pcx (3.3 KB)
Extracting: D:\isolinux\ace.tr (3.3 KB)
Extracting: D:\isolinux\adtxt.cfg (0 bytes)
Extracting: D:\isolinux\ady.tr (3.3 KB)
Extracting: D:\isolinux\af.tr (3.8 KB)
Extracting: D:\isolinux\ak.tr (3.3 KB)
Extracting: D:\isolinux\am.tr (4.7 KB)
Extracting: D:\isolinux\an.tr (3.5 KB)
Extracting: D:\isolinux\arn.tr (3.3 KB)
Extracting: D:\isolinux\ary.tr (3.3 KB)
Extracting: D:\isolinux\as.tr (6.2 KB)
Extracting: D:\isolinux\ast.hlp (7.2 KB)
Extracting: D:\isolinux\ast.tr (3.5 KB)
Extracting: D:\isolinux\ay.tr (3.3 KB)
Extracting: D:\isolinux\az.tr (3.8 KB)
Extracting: D:\isolinux\ba.tr (3.3 KB)
Extracting: D:\isolinux\back.jpg (7.3 KB)
Extracting: D:\isolinux\be.hlp (11.4 KB)
Extracting: D:\isolinux\be.tr (5.2 KB)
Extracting: D:\isolinux\bem.tr (4.5 KB)
Extracting: D:\isolinux\ber.tr (3.3 KB)
Extracting: D:\isolinux\bg.hlp (11.4 KB)
Extracting: D:\isolinux\bg.tr (5.6 KB)
Extracting: D:\isolinux\bho.tr (3.3 KB)
Extracting: D:\isolinux\blank.pcx (11.2 KB)
Extracting: D:\isolinux\bn.hlp (14.8 KB)
Extracting: D:\isolinux\boot.cat (2 KB)
Extracting: D:\isolinux\bootlogo (1.4 MB)
Extracting: D:\isolinux\br.tr (3.5 KB)
Extracting: D:\isolinux\brx.tr (3.5 KB)
Extracting: D:\isolinux\bs.hlp (6.9 KB)
Extracting: D:\isolinux\bs.tr (3.5 KB)
Extracting: D:\isolinux\byn.tr (3.3 KB)
Extracting: D:\isolinux\ca.hlp (7.9 KB)
Extracting: D:\isolinux\ca.tr (3.8 KB)
Extracting: D:\isolinux\ca@valencia.tr (3.8 KB)
Extracting: D:\isolinux\ce.tr (3.9 KB)
Extracting: D:\isolinux\ceb.tr (3.6 KB)
Extracting: D:\isolinux\chain.c32 (25.7 KB)
Extracting: D:\isolinux\chr.tr (3.3 KB)
Extracting: D:\isolinux\ckb.tr (5.5 KB)
Extracting: D:\isolinux\co.tr (3.7 KB)
Extracting: D:\isolinux\crh.tr (3.3 KB)
Extracting: D:\isolinux\cs.hlp (7.2 KB)
Extracting: D:\isolinux\cs.tr (3.8 KB)
Extracting: D:\isolinux\csb.tr (3.8 KB)
Extracting: D:\isolinux\cv.tr (3.9 KB)
Extracting: D:\isolinux\cy.tr (3.5 KB)
Extracting: D:\isolinux\da.hlp (6.7 KB)
Extracting: D:\isolinux\da.tr (3.5 KB)
Extracting: D:\isolinux\de.hlp (7.6 KB)
Extracting: D:\isolinux\de.tr (4.2 KB)
Extracting: D:\isolinux\dtmenu.cfg (1.4 KB)
Extracting: D:\isolinux\dv.tr (6.4 KB)
Extracting: D:\isolinux\ee.tr (3.3 KB)
Extracting: D:\isolinux\el.hlp (13.1 KB)
Extracting: D:\isolinux\el.tr (7.3 KB)
Extracting: D:\isolinux\en.hlp (6.4 KB)
Extracting: D:\isolinux\en.tr (3.3 KB)
Extracting: D:\isolinux\en_AU.tr (3.3 KB)
Extracting: D:\isolinux\en_CA.tr (3.3 KB)
Extracting: D:\isolinux\en_GB.tr (3.3 KB)
Extracting: D:\isolinux\eo.hlp (6.7 KB)
Extracting: D:\isolinux\eo.tr (3.4 KB)
Extracting: D:\isolinux\es.hlp (7.5 KB)
Extracting: D:\isolinux\es.tr (3.7 KB)
Extracting: D:\isolinux\es_CO.tr (3.3 KB)
Extracting: D:\isolinux\et.hlp (6.6 KB)
Extracting: D:\isolinux\et.tr (3.4 KB)
Extracting: D:\isolinux\eu.hlp (7 KB)
Extracting: D:\isolinux\eu.tr (3.4 KB)
Extracting: D:\isolinux\exithelp.cfg (53 bytes)
Extracting: D:\isolinux\f1.txt (868 bytes)
Extracting: D:\isolinux\f10.txt (723 bytes)
Extracting: D:\isolinux\f2.txt (739 bytes)
Extracting: D:\isolinux\f3.txt (782 bytes)
Extracting: D:\isolinux\f4.txt (417 bytes)
Extracting: D:\isolinux\f5.txt (806 bytes)
Extracting: D:\isolinux\f6.txt (1.2 KB)
Extracting: D:\isolinux\f7.txt (916 bytes)
Extracting: D:\isolinux\f8.txt (1 KB)
Extracting: D:\isolinux\f9.txt (765 bytes)
Extracting: D:\isolinux\fa.tr (4.9 KB)
Extracting: D:\isolinux\fa_AF.tr (3.3 KB)
Extracting: D:\isolinux\ff.tr (3.3 KB)
Extracting: D:\isolinux\fi.hlp (7.0 KB)
Extracting: D:\isolinux\fi.tr (3.5 KB)
Extracting: D:\isolinux\fil.tr (3.7 KB)
Extracting: D:\isolinux\fo.tr (3.5 KB)
Extracting: D:\isolinux\fr.hlp (7.8 KB)
Extracting: D:\isolinux\fr.tr (3.8 KB)
Extracting: D:\isolinux\frp.tr (3.7 KB)
Extracting: D:\isolinux\fr_CA.tr (3.7 KB)
Extracting: D:\isolinux\fur.tr (3.5 KB)
Extracting: D:\isolinux\fy.tr (3.6 KB)
Extracting: D:\isolinux\ga.tr (3.8 KB)
Extracting: D:\isolinux\gd.tr (3.8 KB)
Extracting: D:\isolinux\gfxboot.c32 (10.2 KB)
Extracting: D:\isolinux\gfxboot.cfg (445 bytes)
Extracting: D:\isolinux\gl.hlp (7.4 KB)
Extracting: D:\isolinux\gl.tr (3.5 KB)
Extracting: D:\isolinux\gn.tr (3.3 KB)
Extracting: D:\isolinux\guc.tr (3.3 KB)
Extracting: D:\isolinux\gv.tr (3.6 KB)
Extracting: D:\isolinux\ha.tr (3.3 KB)
Extracting: D:\isolinux\haw.tr (3.3 KB)
Extracting: D:\isolinux\he.hlp (9.2 KB)
Extracting: D:\isolinux\he.tr (5.3 KB)
Extracting: D:\isolinux\hi.hlp (0 bytes)
Extracting: D:\isolinux\him.tr (3.3 KB)
Extracting: D:\isolinux\hr.tr (3.7 KB)
Extracting: D:\isolinux\hrx.tr (3.3 KB)
Extracting: D:\isolinux\hsb.tr (3.3 KB)
Extracting: D:\isolinux\ht.tr (3.3 KB)
Extracting: D:\isolinux\hu.hlp (7.6 KB)
Extracting: D:\isolinux\hu.tr (4.6 KB)
Extracting: D:\isolinux\hy.tr (5.3 KB)
Extracting: D:\isolinux\ia.tr (3.5 KB)
Extracting: D:\isolinux\id.hlp (6.9 KB)
Extracting: D:\isolinux\id.tr (3.3 KB)
Extracting: D:\isolinux\io.tr (3.3 KB)
Extracting: D:\isolinux\is.hlp (7.3 KB)
Extracting: D:\isolinux\is.tr (3.7 KB)
Extracting: D:\isolinux\isolinux.bin (40 KB)
Extracting: D:\isolinux\isolinux.cfg (178 bytes)
Extracting: D:\isolinux\it.hlp (7.0 KB)
Extracting: D:\isolinux\it.tr (3.6 KB)
Extracting: D:\isolinux\iu.tr (3.6 KB)
Extracting: D:\isolinux\ja.hlp (9.2 KB)
Extracting: D:\isolinux\ja.tr (4.7 KB)
Extracting: D:\isolinux\jbo.tr (4.5 KB)
Extracting: D:\isolinux\jv.tr (3.3 KB)
Extracting: D:\isolinux\ka.hlp (12.1 KB)
Extracting: D:\isolinux\ka.tr (6.5 KB)
Extracting: D:\isolinux\kab.tr (3.3 KB)
Extracting: D:\isolinux\kbd.tr (3.3 KB)
Extracting: D:\isolinux\kk.hlp (12.8 KB)
Extracting: D:\isolinux\kk.tr (5.3 KB)
Extracting: D:\isolinux\kl.tr (3.9 KB)
Extracting: D:\isolinux\km.hlp (18.2 KB)
Extracting: D:\isolinux\kn.tr (7.7 KB)
Extracting: D:\isolinux\ko.hlp (8.1 KB)
Extracting: D:\isolinux\ko.tr (4.0 KB)
Extracting: D:\isolinux\krc.tr (3.3 KB)
Extracting: D:\isolinux\ku.tr (3.7 KB)
Extracting: D:\isolinux\kw.tr (3.4 KB)
Extracting: D:\isolinux\ky.tr (4.9 KB)
Extracting: D:\isolinux\la.tr (3.4 KB)
Extracting: D:\isolinux\langlist (235 bytes)
Extracting: D:\isolinux\lb.tr (3.8 KB)
Extracting: D:\isolinux\ldlinux.c32 (118.0 KB)
Extracting: D:\isolinux\lg.tr (3.3 KB)
Extracting: D:\isolinux\li.tr (3.4 KB)
Extracting: D:\isolinux\libcom32.c32 (171.9 KB)
Extracting: D:\isolinux\libutil.c32 (24.1 KB)
Extracting: D:\isolinux\lld.tr (3.6 KB)
Extracting: D:\isolinux\ln.tr (3.7 KB)
Extracting: D:\isolinux\lo.tr (7.1 KB)
Extracting: D:\isolinux\lt.hlp (7.2 KB)
Extracting: D:\isolinux\lt.tr (3.7 KB)
Extracting: D:\isolinux\ltg.tr (3.6 KB)
Extracting: D:\isolinux\luo.tr (3.3 KB)
Extracting: D:\isolinux\lv.hlp (7.7 KB)
Extracting: D:\isolinux\lv.tr (3.7 KB)
Extracting: D:\isolinux\menu.cfg (437 bytes)
Extracting: D:\isolinux\mg.tr (3.9 KB)
Extracting: D:\isolinux\mhr.tr (4.8 KB)
Extracting: D:\isolinux\mi.tr (3.4 KB)
Extracting: D:\isolinux\miq.tr (3.3 KB)
Extracting: D:\isolinux\mjw.tr (3.2 KB)
Extracting: D:\isolinux\mk.tr (4.8 KB)
Extracting: D:\isolinux\mnw.tr (5.7 KB)
Extracting: D:\isolinux\mr.tr (7.6 KB)
Extracting: D:\isolinux\ms.tr (3.4 KB)
Extracting: D:\isolinux\mt.tr (3.3 KB)
Extracting: D:\isolinux\mus.tr (4.9 KB)
Extracting: D:\isolinux\nah.tr (3.3 KB)
Extracting: D:\isolinux\nan.tr (3.5 KB)
Extracting: D:\isolinux\nap.tr (3.3 KB)
Extracting: D:\isolinux\nb.hlp (6.8 KB)
Extracting: D:\isolinux\nb.tr (3.4 KB)
Extracting: D:\isolinux\nds.tr (3.5 KB)
Extracting: D:\isolinux\nl.hlp (7.0 KB)
Extracting: D:\isolinux\nl.tr (3.7 KB)
Extracting: D:\isolinux\nn.hlp (7 KB)
Extracting: D:\isolinux\nn.tr (3.4 KB)
Extracting: D:\isolinux\nso.tr (3.4 KB)
Extracting: D:\isolinux\ny.tr (3.6 KB)
Extracting: D:\isolinux\oc.tr (3.6 KB)
Extracting: D:\isolinux\oj.tr (4.1 KB)
Extracting: D:\isolinux\om.tr (3.4 KB)
Extracting: D:\isolinux\or.tr (3.4 KB)
Extracting: D:\isolinux\os.tr (4.4 KB)
Extracting: D:\isolinux\pam.tr (3.3 KB)
Extracting: D:\isolinux\pap.tr (3.5 KB)
Extracting: D:\isolinux\pl.hlp (7.4 KB)
Extracting: D:\isolinux\pl.tr (3.8 KB)
Extracting: D:\isolinux\pmy.tr (3.2 KB)
Extracting: D:\isolinux\prompt.cfg (175 bytes)
Extracting: D:\isolinux\ps.tr (3.3 KB)
Extracting: D:\isolinux\pt.hlp (7.4 KB)
Extracting: D:\isolinux\pt.tr (3.6 KB)
Extracting: D:\isolinux\pt_BR.hlp (7.3 KB)
Extracting: D:\isolinux\pt_BR.tr (3.7 KB)
Extracting: D:\isolinux\pt_PT.tr (3.4 KB)
Extracting: D:\isolinux\qu.tr (3.3 KB)
Extracting: D:\isolinux\ro.hlp (8.4 KB)
Extracting: D:\isolinux\ro.tr (3.8 KB)
Extracting: D:\isolinux\rom.tr (3.3 KB)
Extracting: D:\isolinux\rqtxt.cfg (135 bytes)
Extracting: D:\isolinux\ru.hlp (11.8 KB)
Extracting: D:\isolinux\ru.tr (6.9 KB)
Extracting: D:\isolinux\rw.tr (3.3 KB)
Extracting: D:\isolinux\sa.tr (3.9 KB)
Extracting: D:\isolinux\sc.tr (3.6 KB)
Extracting: D:\isolinux\sco.tr (3.3 KB)
Extracting: D:\isolinux\sd.tr (4.8 KB)
Extracting: D:\isolinux\se.tr (3.4 KB)
Extracting: D:\isolinux\shn.tr (7.9 KB)
Extracting: D:\isolinux\si.hlp (13.7 KB)
Extracting: D:\isolinux\si.tr (7.5 KB)
Extracting: D:\isolinux\sk.hlp (7.4 KB)
Extracting: D:\isolinux\sk.tr (3.9 KB)
Extracting: D:\isolinux\sl.hlp (6.8 KB)
Extracting: D:\isolinux\sl.tr (3.5 KB)
Extracting: D:\isolinux\sm.tr (3.3 KB)
Extracting: D:\isolinux\sml.tr (3.3 KB)
Extracting: D:\isolinux\sn.tr (3.5 KB)
Extracting: D:\isolinux\so.tr (3.4 KB)
Extracting: D:\isolinux\splash.pcx (13.8 KB)
Extracting: D:\isolinux\splash.png (16.9 KB)
Extracting: D:\isolinux\sq.hlp (7.8 KB)
Extracting: D:\isolinux\sq.tr (3.6 KB)
Extracting: D:\isolinux\sr.hlp (11.4 KB)
Extracting: D:\isolinux\sr.tr (5.5 KB)
Extracting: D:\isolinux\sr@ijekavianlatin.tr (3.3 KB)
Extracting: D:\isolinux\sr@latin.tr (4.0 KB)
Extracting: D:\isolinux\st.tr (3.3 KB)
Extracting: D:\isolinux\stdmenu.cfg (508 bytes)
Extracting: D:\isolinux\su.tr (3.3 KB)
Extracting: D:\isolinux\sv.hlp (7.1 KB)
Extracting: D:\isolinux\sv.tr (3.5 KB)
Extracting: D:\isolinux\sw.tr (3.4 KB)
Extracting: D:\isolinux\szl.tr (3.4 KB)
Extracting: D:\isolinux\ta_LK.tr (6.6 KB)
Extracting: D:\isolinux\te.tr (7.9 KB)
Extracting: D:\isolinux\tet.tr (3.3 KB)
Extracting: D:\isolinux\tg.tr (5.2 KB)
Extracting: D:\isolinux\th.hlp (12.8 KB)
Extracting: D:\isolinux\ti.tr (3.3 KB)
Extracting: D:\isolinux\tk.tr (3.3 KB)
Extracting: D:\isolinux\tl.tr (3.3 KB)
Extracting: D:\isolinux\tlh.tr (3.2 KB)
Extracting: D:\isolinux\tr.hlp (7.6 KB)
Extracting: D:\isolinux\tr.tr (3.6 KB)
Extracting: D:\isolinux\ts.tr (3.7 KB)
Extracting: D:\isolinux\tt.tr (5.3 KB)
Extracting: D:\isolinux\txt.cfg (876 bytes)
Extracting: D:\isolinux\ty.tr (3.3 KB)
Extracting: D:\isolinux\udm.tr (3.3 KB)
Extracting: D:\isolinux\ug.hlp (11.6 KB)
Extracting: D:\isolinux\uk.hlp (11.5 KB)
Extracting: D:\isolinux\uk.tr (6.5 KB)
Extracting: D:\isolinux\ur.tr (5.3 KB)
Extracting: D:\isolinux\uz.tr (4.0 KB)
Extracting: D:\isolinux\vec.tr (3.5 KB)
Extracting: D:\isolinux\vesamenu.c32 (27.5 KB)
Extracting: D:\isolinux\vi.hlp (9.5 KB)
Extracting: D:\isolinux\vi.tr (4.2 KB)
Extracting: D:\isolinux\wa.tr (3.4 KB)
Extracting: D:\isolinux\wae.tr (3.7 KB)
Extracting: D:\isolinux\wo.tr (3.3 KB)
Extracting: D:\isolinux\xh.tr (3.4 KB)
Extracting: D:\isolinux\yi.tr (3.3 KB)
Extracting: D:\isolinux\yo.tr (3.3 KB)
Extracting: D:\isolinux\zh_CN.hlp (6.1 KB)
Extracting: D:\isolinux\zh_CN.tr (3.4 KB)
Extracting: D:\isolinux\zh_HK.tr (3.6 KB)
Extracting: D:\isolinux\zh_TW.hlp (6.1 KB)
Extracting: D:\isolinux\zh_TW.tr (3.6 KB)
Extracting: D:\isolinux\zu.tr (3.3 KB)
Extracting: D:\isolinux\zza.tr (3.3 KB)
Extracting: D:\md5sum.txt (41.6 KB)
Extracting: D:\pics\blue-lowerleft.png (294 bytes)
Extracting: D:\pics\blue-lowerright.png (266 bytes)
Extracting: D:\pics\blue-upperleft.png (280 bytes)
Extracting: D:\pics\blue-upperright.png (290 bytes)
Extracting: D:\pics\debian.jpg (8.2 KB)
Extracting: D:\pics\logo-50.jpg (3.9 KB)
Extracting: D:\pics\red-lowerleft.png (353 bytes)
Extracting: D:\pics\red-lowerright.png (299 bytes)
Extracting: D:\pics\red-upperleft.png (321 bytes)
Extracting: D:\pics\red-upperright.png (344 bytes)
Extracting: D:\pool\main\b\b43-fwcutter\b43-fwcutter_019-4_amd64.deb (25.1 KB)
Extracting: D:\pool\main\b\binutils\binutils_2.34-6ubuntu1_amd64.deb (3.3 KB)
Extracting: D:\pool\main\b\binutils\binutils-common_2.34-6ubuntu1_amd64.deb (201.8 KB)
Extracting: D:\pool\main\b\binutils\binutils-x86-64-linux-gnu_2.34-6ubuntu1_amd64.deb (1.5 MB)
Extracting: D:\pool\main\b\binutils\libbinutils_2.34-6ubuntu1_amd64.deb (462.5 KB)
Extracting: D:\pool\main\b\binutils\libctf0_2.34-6ubuntu1_amd64.deb (45.5 KB)
Extracting: D:\pool\main\b\binutils\libctf-nobfd0_2.34-6ubuntu1_amd64.deb (45.9 KB)
Extracting: D:\pool\main\b\build-essential\build-essential_12.8ubuntu1_amd64.deb (4.5 KB)
Extracting: D:\pool\main\d\dkms\dkms_2.8.1-5ubuntu1_all.deb (65.1 KB)
Extracting: D:\pool\main\d\dpkg\dpkg-dev_1.19.7ubuntu3_all.deb (663.1 KB)
Extracting: D:\pool\main\e\efibootmgr\efibootmgr_17-1_amd64.deb (27.5 KB)
Extracting: D:\pool\main\e\elfutils\libelf1_0.176-1.1build1_i386.deb (49.4 KB)
Extracting: D:\pool\main\e\expat\libexpat1_2.2.9-1build1_i386.deb (72.1 KB)
Extracting: D:\pool\main\f\fakeroot\fakeroot_1.24-1_amd64.deb (61.2 KB)
Extracting: D:\pool\main\f\fakeroot\libfakeroot_1.24-1_amd64.deb (25.1 KB)
Extracting: D:\pool\main\g\gcc-10\gcc-10-base_10-20200411-0ubuntu1_i386.deb (18.6 KB)
Extracting: D:\pool\main\g\gcc-10\libatomic1_10-20200411-0ubuntu1_amd64.deb (9.1 KB)
Extracting: D:\pool\main\g\gcc-10\libatomic1_10-20200411-0ubuntu1_i386.deb (9.6 KB)
Extracting: D:\pool\main\g\gcc-10\libgcc-s1_10-20200411-0ubuntu1_i386.deb (48.7 KB)
Extracting: D:\pool\main\g\gcc-10\libitm1_10-20200411-0ubuntu1_amd64.deb (25.6 KB)
Extracting: D:\pool\main\g\gcc-10\liblsan0_10-20200411-0ubuntu1_amd64.deb (140.6 KB)
Extracting: D:\pool\main\g\gcc-10\libquadmath0_10-20200411-0ubuntu1_amd64.deb (142.5 KB)
Extracting: D:\pool\main\g\gcc-10\libstdc++6_10-20200411-0ubuntu1_i386.deb (528.9 KB)
Extracting: D:\pool\main\g\gcc-10\libtsan0_10-20200411-0ubuntu1_amd64.deb (311.8 KB)
Extracting: D:\pool\main\g\gcc-10\libubsan1_10-20200411-0ubuntu1_amd64.deb (132.9 KB)
Extracting: D:\pool\main\g\gcc-9\gcc-9_9.3.0-10ubuntu2_amd64.deb (7.9 MB)
Extracting: D:\pool\main\g\gcc-9\g++-9_9.3.0-10ubuntu2_amd64.deb (8 MB)
Extracting: D:\pool\main\g\gcc-9\libasan5_9.3.0-10ubuntu2_amd64.deb (386.2 KB)
Extracting: D:\pool\main\g\gcc-9\libgcc-9-dev_9.3.0-10ubuntu2_amd64.deb (2.2 MB)
Extracting: D:\pool\main\g\gcc-9\libstdc++-9-dev_9.3.0-10ubuntu2_amd64.deb (1.6 MB)
Extracting: D:\pool\main\g\gcc-defaults\gcc_9.3.0-1ubuntu2_amd64.deb (5.1 KB)
Extracting: D:\pool\main\g\gcc-defaults\g++_9.3.0-1ubuntu2_amd64.deb (1.6 KB)
Extracting: D:\pool\main\g\glibc\libc6_2.31-0ubuntu9_i386.deb (2.5 MB)
Extracting: D:\pool\main\g\glibc\libc6-dev_2.31-0ubuntu9_amd64.deb (2.4 MB)
Extracting: D:\pool\main\g\glibc\libc-dev-bin_2.31-0ubuntu9_amd64.deb (70.1 KB)
Extracting: D:\pool\main\g\grub2\grub-efi_2.04-1ubuntu26.2_amd64.deb (2.5 KB)
Extracting: D:\pool\main\g\grub2\grub-efi-amd64_2.04-1ubuntu26.2_amd64.deb (45.6 KB)
Extracting: D:\pool\main\g\grub2\grub-efi-amd64-bin_2.04-1ubuntu26.2_amd64.deb (686.8 KB)
Extracting: D:\pool\main\g\grub2-signed\grub-efi-amd64-signed_1.142.4+2.04-1ubuntu26.2_amd64.deb (458.6 KB)
Extracting: D:\pool\main\l\linux\linux-libc-dev_5.4.0-42.46_amd64.deb (1.1 MB)
Extracting: D:\pool\main\l\linux-meta-oem-5.6\linux-headers-oem-20.04_5.6.0.1020.17_amd64.deb (2.4 KB)
Extracting: D:\pool\main\l\linux-meta-oem-5.6\linux-image-oem-20.04_5.6.0.1020.17_amd64.deb (2.4 KB)
Extracting: D:\pool\main\l\linux-meta-oem-5.6\linux-oem-20.04_5.6.0.1020.17_amd64.deb (1.8 KB)
Extracting: D:\pool\main\l\linux-oem-5.6\linux-headers-5.6.0-1020-oem_5.6.0-1020.20_amd64.deb (1.2 MB)
Extracting: D:\pool\main\l\linux-oem-5.6\linux-modules-5.6.0-1020-oem_5.6.0-1020.20_amd64.deb (51.1 MB)
Extracting: D:\pool\main\l\linux-oem-5.6\linux-oem-5.6-headers-5.6.0-1020_5.6.0-1020.20_all.deb (10.7 MB)
Extracting: D:\pool\main\l\linux-signed-oem-5.6\linux-image-5.6.0-1020-oem_5.6.0-1020.20_amd64.deb (8.6 MB)
Extracting: D:\pool\main\l\llvm-toolchain-9\libllvm9_9.0.1-12_i386.deb (14.2 MB)
Extracting: D:\pool\main\l\lm-sensors\libsensors5_3.6.0-2ubuntu1_i386.deb (27.5 KB)
Extracting: D:\pool\main\l\lupin\lupin-support_0.57build1_amd64.deb (13.7 KB)
Extracting: D:\pool\main\liba\libalgorithm-diff-perl\libalgorithm-diff-perl_1.19.03-2_all.deb (45.5 KB)
Extracting: D:\pool\main\liba\libalgorithm-diff-xs-perl\libalgorithm-diff-xs-perl_0.04-6_amd64.deb (11.1 KB)
Extracting: D:\pool\main\liba\libalgorithm-merge-perl\libalgorithm-merge-perl_0.08-3_all.deb (11.7 KB)
Extracting: D:\pool\main\libb\libbsd\libbsd0_0.10.0-1_i386.deb (48.6 KB)
Extracting: D:\pool\main\libd\libdrm\libdrm2_2.4.101-2_i386.deb (34.6 KB)
Extracting: D:\pool\main\libd\libdrm\libdrm-amdgpu1_2.4.101-2_i386.deb (20.9 KB)
Extracting: D:\pool\main\libd\libdrm\libdrm-intel1_2.4.101-2_i386.deb (61.7 KB)
Extracting: D:\pool\main\libd\libdrm\libdrm-nouveau2_2.4.101-2_i386.deb (17.7 KB)
Extracting: D:\pool\main\libd\libdrm\libdrm-radeon1_2.4.101-2_i386.deb (20.7 KB)
Extracting: D:\pool\main\libe\libedit\libedit2_3.1-20191231-1_i386.deb (88.8 KB)
Extracting: D:\pool\main\libf\libffi\libffi7_3.3-4_i386.deb (17.5 KB)
Extracting: D:\pool\main\libg\libglvnd\libgl1_1.3.1-1_i386.deb (77.6 KB)
Extracting: D:\pool\main\libg\libglvnd\libglvnd0_1.3.1-1_i386.deb (44.3 KB)
Extracting: D:\pool\main\libg\libglvnd\libglx0_1.3.1-1_i386.deb (34.9 KB)
Extracting: D:\pool\main\libi\libidn2\libidn2-0_2.2.0-2_i386.deb (50.2 KB)
Extracting: D:\pool\main\libp\libpciaccess\libpciaccess0_0.16-0ubuntu1_i386.deb (19.6 KB)
Extracting: D:\pool\main\libu\libunistring\libunistring2_0.9.10-2_i386.deb (368.3 KB)
Extracting: D:\pool\main\libv\libvdpau\libvdpau1_1.3-1ubuntu2_amd64.deb (25 KB)
Extracting: D:\pool\main\libv\libvdpau\vdpau-driver-all_1.3-1ubuntu2_amd64.deb (4.5 KB)
Extracting: D:\pool\main\libx\libx11\libx11-6_1.6.9-2ubuntu1_i386.deb (584.9 KB)
Extracting: D:\pool\main\libx\libx11\libx11-xcb1_1.6.9-2ubuntu1_i386.deb (9.0 KB)
Extracting: D:\pool\main\libx\libxau\libxau6_1.0.9-0ubuntu1_i386.deb (7.6 KB)
Extracting: D:\pool\main\libx\libxcb\libxcb1_1.14-2_i386.deb (48 KB)
Extracting: D:\pool\main\libx\libxcb\libxcb-dri2-0_1.14-2_i386.deb (7.1 KB)
Extracting: D:\pool\main\libx\libxcb\libxcb-dri3-0_1.14-2_i386.deb (6.9 KB)
Extracting: D:\pool\main\libx\libxcb\libxcb-glx0_1.14-2_i386.deb (23.2 KB)
Extracting: D:\pool\main\libx\libxcb\libxcb-present0_1.14-2_i386.deb (5.6 KB)
Extracting: D:\pool\main\libx\libxcb\libxcb-randr0_1.14-2_i386.deb (17.6 KB)
Extracting: D:\pool\main\libx\libxcb\libxcb-sync1_1.14-2_i386.deb (9.1 KB)
Extracting: D:\pool\main\libx\libxcrypt\libcrypt1_4.4.10-10ubuntu4_i386.deb (88.8 KB)
Extracting: D:\pool\main\libx\libxcrypt\libcrypt-dev_4.4.10-10ubuntu4_amd64.deb (101.7 KB)
Extracting: D:\pool\main\libx\libxdamage\libxdamage1_1.1.5-2_i386.deb (7 KB)
Extracting: D:\pool\main\libx\libxdmcp\libxdmcp6_1.1.3-0ubuntu1_i386.deb (10.8 KB)
Extracting: D:\pool\main\libx\libxext\libxext6_1.3.4-0ubuntu1_i386.deb (30.7 KB)
Extracting: D:\pool\main\libx\libxfixes\libxfixes3_5.0.3-2_i386.deb (11.2 KB)
Extracting: D:\pool\main\libx\libxshmfence\libxshmfence1_1.3-1_i386.deb (5.1 KB)
Extracting: D:\pool\main\libx\libxxf86vm\libxxf86vm1_1.1.4-1build1_i386.deb (10.7 KB)
Extracting: D:\pool\main\libz\libzstd\libzstd1_1.4.4+dfsg-3_i386.deb (232.6 KB)
Extracting: D:\pool\main\m\make-dfsg\make_4.2.1-1.2_amd64.deb (158.5 KB)
Extracting: D:\pool\main\m\manpages\manpages-dev_5.05-1_all.deb (2.2 MB)
Extracting: D:\pool\main\m\mesa\libgl1-mesa-dri_20.0.8-0ubuntu1~20.04.1_i386.deb (9.5 MB)
Extracting: D:\pool\main\m\mesa\libglapi-mesa_20.0.8-0ubuntu1~20.04.1_i386.deb (26.1 KB)
Extracting: D:\pool\main\m\mesa\libglx-mesa0_20.0.8-0ubuntu1~20.04.1_i386.deb (144.7 KB)
Extracting: D:\pool\main\m\mesa\mesa-vdpau-drivers_20.0.8-0ubuntu1~20.04.1_amd64.deb (2.4 MB)
Extracting: D:\pool\main\m\mesa\mesa-vulkan-drivers_20.0.8-0ubuntu1~20.04.1_i386.deb (3.3 MB)
Extracting: D:\pool\main\m\mouseemu\mouseemu_0.16-0ubuntu10_amd64.deb (16.2 KB)
Extracting: D:\pool\main\n\ncurses\libtinfo6_6.2-0ubuntu2_i386.deb (85.9 KB)
Extracting: D:\pool\main\n\nvidia-prime\nvidia-prime_0.8.14_all.deb (8.9 KB)
Extracting: D:\pool\main\n\nvidia-settings\libxnvctrl0_440.82-0ubuntu0.20.04.1_amd64.deb (10.7 KB)
Extracting: D:\pool\main\n\nvidia-settings\nvidia-settings_440.82-0ubuntu0.20.04.1_amd64.deb (940.9 KB)
Extracting: D:\pool\main\o\oem-qemu-meta\oem-qemu-meta_20.04~ubuntu3_all.deb (2 KB)
Extracting: D:\pool\main\o\oem-somerville-beric-icl-meta\oem-somerville-beric-icl-meta_20.04~ubuntu1_all.deb (2 KB)
Extracting: D:\pool\main\o\oem-somerville-bulbasaur-meta\oem-somerville-bulbasaur-meta_20.04~ubuntu1_all.deb (2 KB)
Extracting: D:\pool\main\o\oem-somerville-meera-tgl-meta\oem-somerville-meera-tgl-meta_20.04~ubuntu1_all.deb (2 KB)
Extracting: D:\pool\main\o\oem-somerville-melisa-meta\oem-somerville-melisa-meta_20.04~ubuntu3_all.deb (2.2 KB)
Extracting: D:\pool\main\o\oem-somerville-samwell-tgl-meta\oem-somerville-samwell-tgl-meta_20.04~ubuntu1_all.deb (2 KB)
Extracting: D:\pool\main\o\oem-somerville-three-eyed-raven-meta\oem-somerville-three-eyed-raven-meta_20.04~ubuntu2_all.deb (2.1 KB)
Extracting: D:\pool\main\o\oem-stella.cmit-charizard-meta\oem-stella.cmit-charizard-meta_20.04~ubuntu1_all.deb (2 KB)
Extracting: D:\pool\main\o\oem-sutton.bachman-banaing-meta\oem-sutton.bachman-banaing-meta_20.04~ubuntu1_all.deb (2 KB)
Extracting: D:\pool\main\o\oem-sutton.newell-ace-meta\oem-sutton.newell-ace-meta_20.04~ubuntu1_all.deb (2.0 KB)
Extracting: D:\pool\main\o\oem-sutton.newell-cadby-meta\oem-sutton.newell-cadby-meta_20.04~ubuntu1_all.deb (2 KB)
Extracting: D:\pool\main\o\oem-sutton.newell-cadee-meta\oem-sutton.newell-cadee-meta_20.04~ubuntu1_all.deb (2 KB)
Extracting: D:\pool\main\o\oem-sutton.newell-cadence-meta\oem-sutton.newell-cadence-meta_20.04~ubuntu1_all.deb (2 KB)
Extracting: D:\pool\main\o\oem-sutton.newell-cade-meta\oem-sutton.newell-cade-meta_20.04~ubuntu1_all.deb (2 KB)
Extracting: D:\pool\main\s\screen-resolution-extra\screen-resolution-extra_0.18build1_all.deb (4.4 KB)
Extracting: D:\pool\main\s\setserial\setserial_2.17-52_amd64.deb (35.1 KB)
Extracting: D:\pool\main\s\shim\shim_15+1533136590.3beb971-0ubuntu1_amd64.deb (561.2 KB)
Extracting: D:\pool\main\s\shim-signed\shim-signed_1.40.3+15+1533136590.3beb971-0ubuntu1_amd64.deb (335.8 KB)
Extracting: D:\pool\main\u\ubiquity\oem-config_20.04.15.2_all.deb (14.3 KB)
Extracting: D:\pool\main\u\ubiquity\oem-config-gtk_20.04.15.2_all.deb (4.2 KB)
Extracting: D:\pool\main\u\ubiquity-slideshow-ubuntu\oem-config-slideshow-ubuntu_160_all.deb (1.2 MB)
Extracting: D:\pool\main\u\ubuntu-keyring\ubuntu-oem-keyring_2020.02.11.2_all.deb (5.0 KB)
Extracting: D:\pool\main\u\user-setup\user-setup_1.63ubuntu6_all.deb (134.5 KB)
Extracting: D:\pool\main\v\vulkan-loader\libvulkan1_1.2.131.2-1_i386.deb (98.5 KB)
Extracting: D:\pool\main\w\wayland\libwayland-client0_1.18.0-1_i386.deb (23.7 KB)
Extracting: D:\pool\main\z\zlib\zlib1g_1.2.11.dfsg-2ubuntu1_i386.deb (55.2 KB)
Extracting: D:\pool\restricted\b\bcmwl\bcmwl-kernel-source_6.30.223.271+bdcom-0ubuntu5_amd64.deb (1.5 MB)
Extracting: D:\pool\restricted\l\linux-restricted-modules\linux-modules-nvidia-390-5.4.0-42-generic_5.4.0-42.46_amd64.deb (8.8 MB)
Extracting: D:\pool\restricted\l\linux-restricted-modules\linux-modules-nvidia-390-generic-hwe-20.04_5.4.0-42.46_amd64.deb (5.4 KB)
Extracting: D:\pool\restricted\l\linux-restricted-modules\linux-modules-nvidia-435-5.4.0-42-generic_5.4.0-42.46_amd64.deb (11.5 MB)
Extracting: D:\pool\restricted\l\linux-restricted-modules\linux-modules-nvidia-435-generic-hwe-20.04_5.4.0-42.46_amd64.deb (5.3 KB)
Extracting: D:\pool\restricted\l\linux-restricted-modules\linux-modules-nvidia-440-5.4.0-42-generic_5.4.0-42.46_amd64.deb (12.3 MB)
Extracting: D:\pool\restricted\l\linux-restricted-modules\linux-modules-nvidia-440-generic-hwe-20.04_5.4.0-42.46_amd64.deb (5.4 KB)
Extracting: D:\pool\restricted\l\linux-restricted-modules-oem-5.6\linux-modules-nvidia-440-5.6.0-1020-oem_5.6.0-1020.20_amd64.deb (12.3 MB)
Extracting: D:\pool\restricted\l\linux-restricted-modules-oem-5.6\linux-modules-nvidia-440-oem-20.04_5.6.0-1020.20_amd64.deb (5.4 KB)
Extracting: D:\pool\restricted\n\nvidia-graphics-drivers-390\libnvidia-cfg1-390_390.138-0ubuntu0.20.04.1_amd64.deb (68.6 KB)
Extracting: D:\pool\restricted\n\nvidia-graphics-drivers-390\libnvidia-common-390_390.138-0ubuntu0.20.04.1_all.deb (10.2 KB)
Extracting: D:\pool\restricted\n\nvidia-graphics-drivers-390\libnvidia-compute-390_390.138-0ubuntu0.20.04.1_amd64.deb (19.6 MB)
Extracting: D:\pool\restricted\n\nvidia-graphics-drivers-390\libnvidia-compute-390_390.138-0ubuntu0.20.04.1_i386.deb (20 MB)
Extracting: D:\pool\restricted\n\nvidia-graphics-drivers-390\libnvidia-decode-390_390.138-0ubuntu0.20.04.1_amd64.deb (1.1 MB)
Extracting: D:\pool\restricted\n\nvidia-graphics-drivers-390\libnvidia-decode-390_390.138-0ubuntu0.20.04.1_i386.deb (1.1 MB)
Extracting: D:\pool\restricted\n\nvidia-graphics-drivers-390\libnvidia-encode-390_390.138-0ubuntu0.20.04.1_amd64.deb (51.4 KB)
Extracting: D:\pool\restricted\n\nvidia-graphics-drivers-390\libnvidia-encode-390_390.138-0ubuntu0.20.04.1_i386.deb (51.7 KB)
Extracting: D:\pool\restricted\n\nvidia-graphics-drivers-390\libnvidia-fbc1-390_390.138-0ubuntu0.20.04.1_amd64.deb (40.6 KB)
Extracting: D:\pool\restricted\n\nvidia-graphics-drivers-390\libnvidia-fbc1-390_390.138-0ubuntu0.20.04.1_i386.deb (37.7 KB)
Extracting: D:\pool\restricted\n\nvidia-graphics-drivers-390\libnvidia-gl-390_390.138-0ubuntu0.20.04.1_amd64.deb (13.7 MB)
Extracting: D:\pool\restricted\n\nvidia-graphics-drivers-390\libnvidia-gl-390_390.138-0ubuntu0.20.04.1_i386.deb (14.2 MB)
Extracting: D:\pool\restricted\n\nvidia-graphics-drivers-390\libnvidia-ifr1-390_390.138-0ubuntu0.20.04.1_amd64.deb (67.6 KB)
Extracting: D:\pool\restricted\n\nvidia-graphics-drivers-390\libnvidia-ifr1-390_390.138-0ubuntu0.20.04.1_i386.deb (60.9 KB)
Extracting: D:\pool\restricted\n\nvidia-graphics-drivers-390\nvidia-compute-utils-390_390.138-0ubuntu0.20.04.1_amd64.deb (67.3 KB)
Extracting: D:\pool\restricted\n\nvidia-graphics-drivers-390\nvidia-driver-390_390.138-0ubuntu0.20.04.1_amd64.deb (384.6 KB)
Extracting: D:\pool\restricted\n\nvidia-graphics-drivers-390\nvidia-kernel-common-390_390.138-0ubuntu0.20.04.1_amd64.deb (10.4 KB)
Extracting: D:\pool\restricted\n\nvidia-graphics-drivers-390\nvidia-kernel-source-390_390.138-0ubuntu0.20.04.1_amd64.deb (9.1 MB)
Extracting: D:\pool\restricted\n\nvidia-graphics-drivers-390\nvidia-utils-390_390.138-0ubuntu0.20.04.1_amd64.deb (319.6 KB)
Extracting: D:\pool\restricted\n\nvidia-graphics-drivers-390\xserver-xorg-video-nvidia-390_390.138-0ubuntu0.20.04.1_amd64.deb (1.6 MB)
Extracting: D:\pool\restricted\n\nvidia-graphics-drivers-430\nvidia-driver-418_430.50-0ubuntu3_amd64.deb (6.8 KB)
Extracting: D:\pool\restricted\n\nvidia-graphics-drivers-435\libnvidia-cfg1-435_435.21-0ubuntu7_amd64.deb (68.1 KB)
Extracting: D:\pool\restricted\n\nvidia-graphics-drivers-435\libnvidia-common-435_435.21-0ubuntu7_all.deb (9.0 KB)
Extracting: D:\pool\restricted\n\nvidia-graphics-drivers-435\libnvidia-compute-435_435.21-0ubuntu7_amd64.deb (19.5 MB)
Extracting: D:\pool\restricted\n\nvidia-graphics-drivers-435\libnvidia-compute-435_435.21-0ubuntu7_i386.deb (20.2 MB)
Extracting: D:\pool\restricted\n\nvidia-graphics-drivers-435\libnvidia-decode-435_435.21-0ubuntu7_amd64.deb (1010.5 KB)
Extracting: D:\pool\restricted\n\nvidia-graphics-drivers-435\libnvidia-decode-435_435.21-0ubuntu7_i386.deb (1 MB)
Extracting: D:\pool\restricted\n\nvidia-graphics-drivers-435\libnvidia-encode-435_435.21-0ubuntu7_amd64.deb (49.1 KB)
Extracting: D:\pool\restricted\n\nvidia-graphics-drivers-435\libnvidia-encode-435_435.21-0ubuntu7_i386.deb (48.5 KB)
Extracting: D:\pool\restricted\n\nvidia-graphics-drivers-435\libnvidia-fbc1-435_435.21-0ubuntu7_amd64.deb (42.9 KB)
Extracting: D:\pool\restricted\n\nvidia-graphics-drivers-435\libnvidia-fbc1-435_435.21-0ubuntu7_i386.deb (39.9 KB)
Extracting: D:\pool\restricted\n\nvidia-graphics-drivers-435\libnvidia-gl-435_435.21-0ubuntu7_amd64.deb (60.1 MB)
Extracting: D:\pool\restricted\n\nvidia-graphics-drivers-435\libnvidia-gl-435_435.21-0ubuntu7_i386.deb (16.5 MB)
Extracting: D:\pool\restricted\n\nvidia-graphics-drivers-435\libnvidia-ifr1-435_435.21-0ubuntu7_amd64.deb (66.3 KB)
Extracting: D:\pool\restricted\n\nvidia-graphics-drivers-435\libnvidia-ifr1-435_435.21-0ubuntu7_i386.deb (59.6 KB)
Extracting: D:\pool\restricted\n\nvidia-graphics-drivers-435\nvidia-compute-utils-435_435.21-0ubuntu7_amd64.deb (70.9 KB)
Extracting: D:\pool\restricted\n\nvidia-graphics-drivers-435\nvidia-driver-435_435.21-0ubuntu7_amd64.deb (404.9 KB)
Extracting: D:\pool\restricted\n\nvidia-graphics-drivers-435\nvidia-kernel-common-435_435.21-0ubuntu7_amd64.deb (9.0 KB)
Extracting: D:\pool\restricted\n\nvidia-graphics-drivers-435\nvidia-kernel-source-435_435.21-0ubuntu7_amd64.deb (11.9 MB)
Extracting: D:\pool\restricted\n\nvidia-graphics-drivers-435\nvidia-utils-435_435.21-0ubuntu7_amd64.deb (329.2 KB)
Extracting: D:\pool\restricted\n\nvidia-graphics-drivers-435\xserver-xorg-video-nvidia-435_435.21-0ubuntu7_amd64.deb (1.4 MB)
Extracting: D:\pool\restricted\n\nvidia-graphics-drivers-440\libnvidia-cfg1-440_440.100-0ubuntu0.20.04.1_amd64.deb (70.2 KB)
Extracting: D:\pool\restricted\n\nvidia-graphics-drivers-440\libnvidia-common-440_440.100-0ubuntu0.20.04.1_all.deb (10.2 KB)
Extracting: D:\pool\restricted\n\nvidia-graphics-drivers-440\libnvidia-compute-440_440.100-0ubuntu0.20.04.1_amd64.deb (19.9 MB)
Extracting: D:\pool\restricted\n\nvidia-graphics-drivers-440\libnvidia-compute-440_440.100-0ubuntu0.20.04.1_i386.deb (20.7 MB)
Extracting: D:\pool\restricted\n\nvidia-graphics-drivers-440\libnvidia-decode-440_440.100-0ubuntu0.20.04.1_amd64.deb (1002 KB)
Extracting: D:\pool\restricted\n\nvidia-graphics-drivers-440\libnvidia-decode-440_440.100-0ubuntu0.20.04.1_i386.deb (1 MB)
Extracting: D:\pool\restricted\n\nvidia-graphics-drivers-440\libnvidia-encode-440_440.100-0ubuntu0.20.04.1_amd64.deb (37.6 KB)
Extracting: D:\pool\restricted\n\nvidia-graphics-drivers-440\libnvidia-encode-440_440.100-0ubuntu0.20.04.1_i386.deb (38.0 KB)
Extracting: D:\pool\restricted\n\nvidia-graphics-drivers-440\libnvidia-extra-440_440.100-0ubuntu0.20.04.1_amd64.deb (37.4 KB)
Extracting: D:\pool\restricted\n\nvidia-graphics-drivers-440\libnvidia-fbc1-440_440.100-0ubuntu0.20.04.1_amd64.deb (48.4 KB)
Extracting: D:\pool\restricted\n\nvidia-graphics-drivers-440\libnvidia-fbc1-440_440.100-0ubuntu0.20.04.1_i386.deb (45.8 KB)
Extracting: D:\pool\restricted\n\nvidia-graphics-drivers-440\libnvidia-gl-440_440.100-0ubuntu0.20.04.1_amd64.deb (60.0 MB)
Extracting: D:\pool\restricted\n\nvidia-graphics-drivers-440\libnvidia-gl-440_440.100-0ubuntu0.20.04.1_i386.deb (16.0 MB)
Extracting: D:\pool\restricted\n\nvidia-graphics-drivers-440\libnvidia-ifr1-440_440.100-0ubuntu0.20.04.1_amd64.deb (67.4 KB)
Extracting: D:\pool\restricted\n\nvidia-graphics-drivers-440\libnvidia-ifr1-440_440.100-0ubuntu0.20.04.1_i386.deb (60.8 KB)
Extracting: D:\pool\restricted\n\nvidia-graphics-drivers-440\nvidia-compute-utils-440_440.100-0ubuntu0.20.04.1_amd64.deb (72.2 KB)
Extracting: D:\pool\restricted\n\nvidia-graphics-drivers-440\nvidia-driver-430_440.100-0ubuntu0.20.04.1_amd64.deb (7.2 KB)
Extracting: D:\pool\restricted\n\nvidia-graphics-drivers-440\nvidia-driver-440_440.100-0ubuntu0.20.04.1_amd64.deb (407 KB)
Extracting: D:\pool\restricted\n\nvidia-graphics-drivers-440\nvidia-kernel-common-440_440.100-0ubuntu0.20.04.1_amd64.deb (20.0 KB)
Extracting: D:\pool\restricted\n\nvidia-graphics-drivers-440\nvidia-kernel-source-440_440.100-0ubuntu0.20.04.1_amd64.deb (12.6 MB)
Extracting: D:\pool\restricted\n\nvidia-graphics-drivers-440\nvidia-utils-440_440.100-0ubuntu0.20.04.1_amd64.deb (338 KB)
Extracting: D:\pool\restricted\n\nvidia-graphics-drivers-440\xserver-xorg-video-nvidia-440_440.100-0ubuntu0.20.04.1_amd64.deb (1.4 MB)
Extracting: D:\preseed\cli.seed (212 bytes)
Extracting: D:\preseed\ltsp.seed (497 bytes)
Extracting: D:\preseed\ubuntu.seed (460 bytes)
Extracting: D:\README.diskdefines (231 bytes)
Extracting: D:\ubuntu (0 bytes)
  Ignoring Rock Ridge symbolic link to '.'
Created: D:\syslinux.cfg → /isolinux/isolinux.cfg
Finalizing, please wait...
Created: D:autorun.inf
Created: D:autorun.ico

Found USB 2.0 device 'Kingston DataTraveler 3.0 USB Device' (0951:1666)
NOTE: This device is a USB 3.0 device operating at lower speed...
Using autorun.inf label for drive D: 'Ubuntu 20.04.1 LTS amd64'
1 device found
Disk type: Removable, Disk size: 7.8GB, Sector size: 512 bytes
Cylinders: 945, Tracks per cylinder: 255, Sectors per track: 63
Partition type: MBR, NB Partitions: 1
Disk ID: 0x0034B43F
Drive has a Syslinux Master Boot Record
Partition 1:
  Type: FAT32 LBA (0x0c)
  Size: 7.2 GB (7775191040 bytes)
  Start Sector: 2048, Boot: Yes
Will reuse 'ldlinux.sys' and 'ldlinux.bss' from './rufus_files/rufus_files/syslinux-6.04/20191223/' for Syslinux installation
